Arguments: 
  /usr/local/Cellar/node/16.7.0/bin/node /usr/local/Cellar/yarn/1.22.11/libexec/bin/yarn.js add @ant-design/icons-vue ali-oss ant-design-vue axios dayjs numeral spark-md5 tinymce vue-router vuex vuex-persistedstate

PATH: 
  /Users/kerria/.jenv/shims:/Users/kerria/.jenv/bin:/Users/kerria/bin:/usr/local/sbin:/usr/local/bin:/usr/bin:/bin:/usr/sbin:/sbin:/opt/metasploit-framework/bin:/Users/kerria/.composer/vendor/bin:/usr/local/opt/mongodb-community@3.6/bin

Yarn version: 
  1.22.11

Node version: 
  16.7.0

Platform: 
  darwin x64

Trace: 
  Error: https://registry.npm.taobao.org/ant-design-vue: ESOCKETTIMEDOUT
      at ClientRequest.<anonymous> (/usr/local/Cellar/yarn/1.22.11/libexec/lib/cli.js:141390:19)
      at Object.onceWrapper (node:events:513:28)
      at ClientRequest.emit (node:events:394:28)
      at TLSSocket.emitRequestTimeout (node:_http_client:761:9)
      at Object.onceWrapper (node:events:513:28)
      at TLSSocket.emit (node:events:406:35)
      at TLSSocket.Socket._onTimeout (node:net:486:8)
      at listOnTimeout (node:internal/timers:557:17)
      at processTimers (node:internal/timers:500:7)

npm manifest: 
  {
    "name": "dscc-web",
    "version": "0.0.0",
    "scripts": {
      "dev": "vite",
      "build": "vite build",
      "serve": "vite preview"
    },
    "dependencies": {
      "vue": "^3.0.5"
    },
    "devDependencies": {
      "@vitejs/plugin-vue": "^1.3.0",
      "@vue/compiler-sfc": "^3.0.5",
      "vite": "^2.4.4"
    }
  }

yarn manifest: 
  No manifest

Lockfile: 
  No lockfile
